TN:
SF:src\App.js
FN:5,App
FNF:1
FNH:0
FNDA:0,App
DA:6,0
LF:1
LH:0
BRF:0
BRH:0
end_of_record
TN:
SF:src\index.js
FNF:0
FNH:0
DA:6,0
LF:1
LH:0
BRF:0
BRH:0
end_of_record
TN:
SF:src\pages\Checkout.js
FN:7,(anonymous_0)
FN:9,(anonymous_1)
FN:10,(anonymous_2)
FN:11,(anonymous_3)
FN:31,(anonymous_4)
FN:36,(anonymous_5)
FN:41,(anonymous_6)
FN:46,(anonymous_7)
FN:51,(anonymous_8)
FN:89,(anonymous_9)
FN:151,(anonymous_10)
FN:158,(anonymous_11)
FN:178,(anonymous_12)
FN:186,(anonymous_13)
FN:194,(anonymous_14)
FNF:15
FNH:12
FNDA:17,(anonymous_0)
FNDA:21,(anonymous_1)
FNDA:21,(anonymous_2)
FNDA:21,(anonymous_3)
FNDA:3,(anonymous_4)
FNDA:0,(anonymous_5)
FNDA:0,(anonymous_6)
FNDA:0,(anonymous_7)
FNDA:3,(anonymous_8)
FNDA:1,(anonymous_9)
FNDA:2,(anonymous_10)
FNDA:2,(anonymous_11)
FNDA:1,(anonymous_12)
FNDA:1,(anonymous_13)
FNDA:1,(anonymous_14)
DA:7,1
DA:8,17
DA:9,21
DA:10,21
DA:11,21
DA:13,17
DA:14,17
DA:15,17
DA:16,17
DA:17,17
DA:18,17
DA:19,17
DA:20,17
DA:22,17
DA:24,17
DA:25,0
DA:28,17
DA:31,17
DA:32,3
DA:36,17
DA:37,0
DA:41,17
DA:42,0
DA:46,17
DA:47,0
DA:51,17
DA:52,3
DA:53,1
DA:54,1
DA:57,2
DA:58,0
DA:59,0
DA:62,2
DA:63,2
DA:65,2
DA:66,2
DA:72,2
DA:73,2
DA:75,2
DA:76,0
DA:79,2
DA:80,2
DA:82,0
DA:84,2
DA:89,17
DA:90,1
DA:91,1
DA:92,1
DA:95,0
DA:96,0
DA:97,0
DA:100,0
DA:101,0
DA:102,0
DA:105,0
DA:106,0
DA:107,0
DA:110,0
DA:111,0
DA:112,0
DA:114,0
DA:115,0
DA:120,0
DA:121,0
DA:123,0
DA:124,0
DA:125,0
DA:127,0
DA:128,0
DA:130,0
DA:134,17
DA:151,2
DA:158,2
DA:178,1
DA:186,1
DA:194,1
LF:76
LH:46
BRDA:24,0,0,0
BRDA:24,0,1,17
BRDA:24,1,0,17
BRDA:24,1,1,0
BRDA:28,2,0,17
BRDA:28,2,1,0
BRDA:52,3,0,1
BRDA:52,3,1,2
BRDA:57,4,0,0
BRDA:57,4,1,2
BRDA:75,5,0,0
BRDA:75,5,1,2
BRDA:75,6,0,2
BRDA:75,6,1,2
BRDA:90,7,0,1
BRDA:90,7,1,0
BRDA:95,8,0,0
BRDA:95,8,1,0
BRDA:100,9,0,0
BRDA:100,9,1,0
BRDA:105,10,0,0
BRDA:105,10,1,0
BRDA:137,11,0,17
BRDA:137,11,1,2
BRDA:140,12,0,17
BRDA:140,12,1,11
BRDA:161,13,0,2
BRDA:161,13,1,9
BRDA:167,14,0,17
BRDA:167,14,1,6
BRDA:197,15,0,0
BRDA:197,15,1,6
BRDA:203,16,0,17
BRDA:203,16,1,0
BRF:34
BRH:20
end_of_record
TN:
SF:src\pages\Home.js
FN:8,(anonymous_0)
FN:12,(anonymous_1)
FN:13,(anonymous_2)
FN:24,(anonymous_3)
FN:36,(anonymous_4)
FN:43,(anonymous_5)
FNF:6
FNH:6
FNDA:5,(anonymous_0)
FNDA:3,(anonymous_1)
FNDA:3,(anonymous_2)
FNDA:1,(anonymous_3)
FNDA:2,(anonymous_4)
FNDA:1,(anonymous_5)
DA:8,1
DA:9,5
DA:10,5
DA:12,5
DA:13,3
DA:14,3
DA:15,3
DA:16,3
DA:18,0
DA:21,3
DA:24,5
DA:25,1
DA:26,1
DA:29,5
DA:37,2
DA:43,1
LF:16
LH:15
BRDA:33,0,0,3
BRDA:33,0,1,2
BRF:2
BRH:2
end_of_record
TN:
SF:src\redux\cartSlice.js
FN:13,(anonymous_0)
FN:17,(anonymous_1)
FN:21,(anonymous_2)
FN:25,(anonymous_3)
FNF:4
FNH:4
FNDA:2,(anonymous_0)
FNDA:2,(anonymous_1)
FNDA:2,(anonymous_2)
FNDA:2,(anonymous_3)
DA:3,4
DA:9,4
DA:14,2
DA:15,2
DA:18,2
DA:19,2
DA:22,2
DA:23,2
DA:26,2
DA:27,2
DA:28,2
DA:29,2
DA:34,4
LF:13
LH:13
BRF:0
BRH:0
end_of_record
TN:
SF:src\redux\store.js
FNF:0
FNH:0
DA:4,1
LF:1
LH:1
BRF:0
BRH:0
end_of_record
TN:
SF:src\services\api.js
FN:5,(anonymous_0)
FN:21,(anonymous_1)
FN:27,(anonymous_2)
FNF:3
FNH:0
FNDA:0,(anonymous_0)
FNDA:0,(anonymous_1)
FNDA:0,(anonymous_2)
DA:3,2
DA:5,2
DA:6,0
DA:7,0
DA:11,0
DA:12,0
DA:14,0
DA:15,0
DA:21,2
DA:22,0
DA:27,2
DA:28,0
DA:29,0
LF:13
LH:4
BRDA:14,0,0,0
BRDA:14,0,1,0
BRF:2
BRH:0
end_of_record
TN:
SF:src\store\cartContext.js
FN:5,(anonymous_0)
FN:10,(anonymous_1)
FN:21,(anonymous_2)
FN:30,(anonymous_3)
FNF:4
FNH:0
FNDA:0,(anonymous_0)
FNDA:0,(anonymous_1)
FNDA:0,(anonymous_2)
FNDA:0,(anonymous_3)
DA:3,0
DA:5,0
DA:6,0
DA:8,0
DA:10,0
DA:12,0
DA:14,0
DA:15,0
DA:17,0
DA:21,0
DA:22,0
DA:23,0
DA:30,0
LF:13
LH:0
BRDA:6,0,0,0
BRDA:6,0,1,0
BRDA:6,0,2,0
BRDA:6,0,3,0
BRDA:6,0,4,0
BRF:5
BRH:0
end_of_record
